
=== Sat May  4 13:40:10 2019

Packages were changed.
Update Mode: mergeDefaultDependencies

The following packages were added:
  com.unity.analytics@3.2.2
  com.unity.purchasing@2.0.6
  com.unity.ads@2.0.8
  com.unity.package-manager-ui@2.2.0
  com.unity.ext.nunit@1.0.0
  com.unity.test-framework@1.0.11
  com.unity.ide.vscode@1.0.3
  com.unity.ide.visualstudio@1.0.3
  com.unity.ide.rider@1.0.2
  com.unity.modules.androidjni@1.0.0
The following packages were updated:
  com.unity.collab-proxy from version 1.2.9 to 1.2.16
  com.unity.timeline from version 0.0.0-builtin to 1.0.0

=== Thu May 16 23:18:15 2019

Packages were changed.
Update Mode: updateDependencies

The following packages were updated:
  com.unity.ide.visualstudio from version 1.0.4 to 1.0.5
  com.unity.textmeshpro from version 1.3.0 to 2.0.0
